# JRE version: Java(TM) SE Runtime Environment (8.0_202-b08) (build 1.8.0_202-b08)
# Java VM: Java HotSpot(TM) 64-Bit Server VM (25.202-b08 mixed mode windows-amd64 compressed oops)
Heap:
 PSYoungGen      total 560640K, used 234582K [0x0000000716b00000, 0x000000073be80000, 0x00000007c0000000)
  eden space 536064K, 39% used [0x0000000716b00000,0x0000000723892488,0x0000000737680000)
  from space 24576K, 97% used [0x000000073a680000,0x000000073be034f0,0x000000073be80000)
  to   space 29184K, 0% used [0x0000000738580000,0x0000000738580000,0x000000073a200000)
 ParOldGen       total 395776K, used 43184K [0x00000005c4000000, 0x00000005dc280000, 0x0000000716b00000)
  object space 395776K, 10% used [0x00000005c4000000,0x00000005c6a2c258,0x00000005dc280000)
 Metaspace       used 76129K, capacity 79002K, committed 79104K, reserved 1120256K
  class space    used 8365K, capacity 8863K, committed 8960K, reserved 1048576K
GC Heap History (10 events):
Event: 5.740 GC heap before
{Heap before GC invocations=9 (full 2):
 PSYoungGen      total 326656K, used 326549K [0x0000000716b00000, 0x000000072c500000, 0x00000007c0000000)
  eden space 307200K, 100% used [0x0000000716b00000,0x0000000729700000,0x0000000729700000)
  from space 19456K, 99% used [0x000000072b200000,0x000000072c4e54e0,0x000000072c500000)
  to   space 22528K, 0% used [0x0000000729900000,0x0000000729900000,0x000000072af00000)
 ParOldGen       total 274432K, used 20196K [0x00000005c4000000, 0x00000005d4c00000, 0x0000000716b00000)
  object space 274432K, 7% used [0x00000005c4000000,0x00000005c53b9220,0x00000005d4c00000)
 Metaspace       used 45086K, capacity 46706K, committed 46976K, reserved 1089536K
  class space    used 5596K, capacity 5919K, committed 6016K, reserved 1048576K
Event: 5.745 GC heap after
Heap after GC invocations=9 (full 2):
 PSYoungGen      total 331776K, used 13870K [0x0000000716b00000, 0x0000000735300000, 0x00000007c0000000)
  eden space 309248K, 0% used [0x0000000716b00000,0x0000000716b00000,0x0000000729900000)
  from space 22528K, 61% used [0x0000000729900000,0x000000072a68b838,0x000000072af00000)
  to   space 20992K, 0% used [0x0000000733e80000,0x0000000733e80000,0x0000000735300000)
 ParOldGen       total 274432K, used 20204K [0x00000005c4000000, 0x00000005d4c00000, 0x0000000716b00000)
  object space 274432K, 7% used [0x00000005c4000000,0x00000005c53bb220,0x00000005d4c00000)
 Metaspace       used 45086K, capacity 46706K, committed 46976K, reserved 1089536K
  class space    used 5596K, capacity 5919K, committed 6016K, reserved 1048576K
}
Event: 7.609 GC heap before
{Heap before GC invocations=10 (full 2):
 PSYoungGen      total 331776K, used 323118K [0x0000000716b00000, 0x0000000735300000, 0x00000007c0000000)
  eden space 309248K, 100% used [0x0000000716b00000,0x0000000729900000,0x0000000729900000)
  from space 22528K, 61% used [0x0000000729900000,0x000000072a68b838,0x000000072af00000)
  to   space 20992K, 0% used [0x0000000733e80000,0x0000000733e80000,0x0000000735300000)
 ParOldGen       total 274432K, used 20204K [0x00000005c4000000, 0x00000005d4c00000, 0x0000000716b00000)
  object space 274432K, 7% used [0x00000005c4000000,0x00000005c53bb220,0x00000005d4c00000)
 Metaspace       used 51026K, capacity 52706K, committed 52864K, reserved 1095680K
  class space    used 6187K, capacity 6503K, committed 6528K, reserved 1048576K
Event: 7.621 GC heap after
Heap after GC invocations=10 (full 2):
 PSYoungGen      total 467456K, used 20980K [0x0000000716b00000, 0x0000000735300000, 0x00000007c0000000)
  eden space 446464K, 0% used [0x0000000716b00000,0x0000000716b00000,0x0000000731f00000)
  from space 20992K, 99% used [0x0000000733e80000,0x00000007352fd1c0,0x0000000735300000)
  to   space 24064K, 0% used [0x0000000732400000,0x0000000732400000,0x0000000733b80000)
 ParOldGen       total 274432K, used 21800K [0x00000005c4000000, 0x00000005d4c00000, 0x0000000716b00000)
  object space 274432K, 7% used [0x00000005c4000000,0x00000005c554a078,0x00000005d4c00000)
 Metaspace       used 51026K, capacity 52706K, committed 52864K, reserved 1095680K
  class space    used 6187K, capacity 6503K, committed 6528K, reserved 1048576K
}
Event: 9.564 GC heap before
{Heap before GC invocations=11 (full 2):
 PSYoungGen      total 467456K, used 208389K [0x0000000716b00000, 0x0000000735300000, 0x00000007c0000000)
  eden space 446464K, 41% used [0x0000000716b00000,0x0000000722204490,0x0000000731f00000)
  from space 20992K, 99% used [0x0000000733e80000,0x00000007352fd1c0,0x0000000735300000)
  to   space 24064K, 0% used [0x0000000732400000,0x0000000732400000,0x0000000733b80000)
 ParOldGen       total 274432K, used 21800K [0x00000005c4000000, 0x00000005d4c00000, 0x0000000716b00000)
  object space 274432K, 7% used [0x00000005c4000000,0x00000005c554a078,0x00000005d4c00000)
 Metaspace       used 56953K, capacity 58870K, committed 59008K, reserved 1101824K
  class space    used 6520K, capacity 6933K, committed 7040K, reserved 1048576K
Event: 9.582 GC heap after
Heap after GC invocations=11 (full 2):
 PSYoungGen      total 475648K, used 24057K [0x0000000716b00000, 0x000000073c100000, 0x00000007c0000000)
  eden space 451584K, 0% used [0x0000000716b00000,0x0000000716b00000,0x0000000732400000)
  from space 24064K, 99% used [0x0000000732400000,0x0000000733b7e650,0x0000000733b80000)
  to   space 27136K, 0% used [0x000000073a680000,0x000000073a680000,0x000000073c100000)
 ParOldGen       total 274432K, used 22961K [0x00000005c4000000, 0x00000005d4c00000, 0x0000000716b00000)
  object space 274432K, 8% used [0x00000005c4000000,0x00000005c566c500,0x00000005d4c00000)
 Metaspace       used 56953K, capacity 58870K, committed 59008K, reserved 1101824K
  class space    used 6520K, capacity 6933K, committed 7040K, reserved 1048576K
}
Event: 9.582 GC heap before
{Heap before GC invocations=12 (full 3):
 PSYoungGen      total 475648K, used 24057K [0x0000000716b00000, 0x000000073c100000, 0x00000007c0000000)
  eden space 451584K, 0% used [0x0000000716b00000,0x0000000716b00000,0x0000000732400000)
  from space 24064K, 99% used [0x0000000732400000,0x0000000733b7e650,0x0000000733b80000)
  to   space 27136K, 0% used [0x000000073a680000,0x000000073a680000,0x000000073c100000)
 ParOldGen       total 274432K, used 22961K [0x00000005c4000000, 0x00000005d4c00000, 0x0000000716b00000)
  object space 274432K, 8% used [0x00000005c4000000,0x00000005c566c500,0x00000005d4c00000)
 Metaspace       used 56953K, capacity 58870K, committed 59008K, reserved 1101824K
  class space    used 6520K, capacity 6933K, committed 7040K, reserved 1048576K
Event: 9.793 GC heap after
Heap after GC invocations=12 (full 3):
 PSYoungGen      total 475648K, used 0K [0x0000000716b00000, 0x000000073c100000, 0x00000007c0000000)
  eden space 451584K, 0% used [0x0000000716b00000,0x0000000716b00000,0x0000000732400000)
  from space 24064K, 0% used [0x0000000732400000,0x0000000732400000,0x0000000733b80000)
  to   space 27136K, 0% used [0x000000073a680000,0x000000073a680000,0x000000073c100000)
 ParOldGen       total 395776K, used 43032K [0x00000005c4000000, 0x00000005dc280000, 0x0000000716b00000)
  object space 395776K, 10% used [0x00000005c4000000,0x00000005c6a06248,0x00000005dc280000)
 Metaspace       used 56545K, capacity 58216K, committed 59008K, reserved 1101824K
  class space    used 6459K, capacity 6824K, committed 7040K, reserved 1048576K
}
Event: 21.112 GC heap before
{Heap before GC invocations=13 (full 3):
 PSYoungGen      total 475648K, used 451584K [0x0000000716b00000, 0x000000073c100000, 0x00000007c0000000)
  eden space 451584K, 100% used [0x0000000716b00000,0x0000000732400000,0x0000000732400000)
  from space 24064K, 0% used [0x0000000732400000,0x0000000732400000,0x0000000733b80000)
  to   space 27136K, 0% used [0x000000073a680000,0x000000073a680000,0x000000073c100000)
 ParOldGen       total 395776K, used 43032K [0x00000005c4000000, 0x00000005dc280000, 0x0000000716b00000)
  object space 395776K, 10% used [0x00000005c4000000,0x00000005c6a06248,0x00000005dc280000)
 Metaspace       used 73523K, capacity 76092K, committed 76288K, reserved 1116160K
  class space    used 8139K, capacity 8630K, committed 8704K, reserved 1048576K
Event: 21.134 GC heap after
Heap after GC invocations=13 (full 3):
 PSYoungGen      total 560640K, used 24077K [0x0000000716b00000, 0x000000073be80000, 0x00000007c0000000)
  eden space 536064K, 0% used [0x0000000716b00000,0x0000000716b00000,0x0000000737680000)
  from space 24576K, 97% used [0x000000073a680000,0x000000073be034f0,0x000000073be80000)
  to   space 29184K, 0% used [0x0000000738580000,0x0000000738580000,0x000000073a200000)
 ParOldGen       total 395776K, used 43184K [0x00000005c4000000, 0x00000005dc280000, 0x0000000716b00000)
  object space 395776K, 10% used [0x00000005c4000000,0x00000005c6a2c258,0x00000005dc280000)
 Metaspace       used 73523K, capacity 76092K, committed 76288K, reserved 1116160K
  class space    used 8139K, capacity 8630K, committed 8704K, reserved 1048576K
}

