# JRE version: Java(TM) SE Runtime Environment (8.0_202-b08) (build 1.8.0_202-b08)
# Java VM: Java HotSpot(TM) 64-Bit Server VM (25.202-b08 mixed mode windows-amd64 compressed oops)
Heap:
 PSYoungGen      total 936448K, used 95086K [0x0000000716b00000, 0x0000000757780000, 0x00000007c0000000)
  eden space 907264K, 7% used [0x0000000716b00000,0x000000071abafef8,0x000000074e100000)
  from space 29184K, 98% used [0x0000000755b00000,0x000000075772ba50,0x0000000757780000)
  to   space 34304K, 0% used [0x0000000753480000,0x0000000753480000,0x0000000755600000)
 ParOldGen       total 351744K, used 42318K [0x00000005c4000000, 0x00000005d9780000, 0x0000000716b00000)
  object space 351744K, 12% used [0x00000005c4000000,0x00000005c6953a48,0x00000005d9780000)
 Metaspace       used 76872K, capacity 79846K, committed 80128K, reserved 1120256K
  class space    used 8378K, capacity 8869K, committed 8960K, reserved 1048576K
GC Heap History (10 events):
Event: 9.543 GC heap before
{Heap before GC invocations=7 (full 2):
 PSYoungGen      total 443392K, used 421888K [0x0000000716b00000, 0x0000000733800000, 0x00000007c0000000)
  eden space 421888K, 100% used [0x0000000716b00000,0x0000000730700000,0x0000000730700000)
  from space 21504K, 0% used [0x0000000731c00000,0x0000000731c00000,0x0000000733100000)
  to   space 21504K, 0% used [0x0000000730700000,0x0000000730700000,0x0000000731c00000)
 ParOldGen       total 249344K, used 20211K [0x00000005c4000000, 0x00000005d3380000, 0x0000000716b00000)
  object space 249344K, 8% used [0x00000005c4000000,0x00000005c53bcf68,0x00000005d3380000)
 Metaspace       used 45130K, capacity 46866K, committed 47232K, reserved 1091584K
  class space    used 5564K, capacity 5919K, committed 6016K, reserved 1048576K
Event: 9.559 GC heap after
Heap after GC invocations=7 (full 2):
 PSYoungGen      total 443392K, used 21485K [0x0000000716b00000, 0x0000000743000000, 0x00000007c0000000)
  eden space 421888K, 0% used [0x0000000716b00000,0x0000000716b00000,0x0000000730700000)
  from space 21504K, 99% used [0x0000000730700000,0x0000000731bfb480,0x0000000731c00000)
  to   space 25600K, 0% used [0x0000000741700000,0x0000000741700000,0x0000000743000000)
 ParOldGen       total 249344K, used 20577K [0x00000005c4000000, 0x00000005d3380000, 0x0000000716b00000)
  object space 249344K, 8% used [0x00000005c4000000,0x00000005c5418570,0x00000005d3380000)
 Metaspace       used 45130K, capacity 46866K, committed 47232K, reserved 1091584K
  class space    used 5564K, capacity 5919K, committed 6016K, reserved 1048576K
}
Event: 12.278 GC heap before
{Heap before GC invocations=8 (full 2):
 PSYoungGen      total 443392K, used 443373K [0x0000000716b00000, 0x0000000743000000, 0x00000007c0000000)
  eden space 421888K, 100% used [0x0000000716b00000,0x0000000730700000,0x0000000730700000)
  from space 21504K, 99% used [0x0000000730700000,0x0000000731bfb480,0x0000000731c00000)
  to   space 25600K, 0% used [0x0000000741700000,0x0000000741700000,0x0000000743000000)
 ParOldGen       total 249344K, used 20577K [0x00000005c4000000, 0x00000005d3380000, 0x0000000716b00000)
  object space 249344K, 8% used [0x00000005c4000000,0x00000005c5418570,0x00000005d3380000)
 Metaspace       used 51988K, capacity 53804K, committed 54016K, reserved 1097728K
  class space    used 6214K, capacity 6548K, committed 6656K, reserved 1048576K
Event: 12.293 GC heap after
Heap after GC invocations=8 (full 2):
 PSYoungGen      total 678400K, used 23715K [0x0000000716b00000, 0x0000000742e80000, 0x00000007c0000000)
  eden space 654336K, 0% used [0x0000000716b00000,0x0000000716b00000,0x000000073ea00000)
  from space 24064K, 98% used [0x0000000741700000,0x0000000742e28f58,0x0000000742e80000)
  to   space 28672K, 0% used [0x000000073f680000,0x000000073f680000,0x0000000741280000)
 ParOldGen       total 249344K, used 20585K [0x00000005c4000000, 0x00000005d3380000, 0x0000000716b00000)
  object space 249344K, 8% used [0x00000005c4000000,0x00000005c541a570,0x00000005d3380000)
 Metaspace       used 51988K, capacity 53804K, committed 54016K, reserved 1097728K
  class space    used 6214K, capacity 6548K, committed 6656K, reserved 1048576K
}
Event: 13.836 GC heap before
{Heap before GC invocations=9 (full 2):
 PSYoungGen      total 678400K, used 197795K [0x0000000716b00000, 0x0000000742e80000, 0x00000007c0000000)
  eden space 654336K, 26% used [0x0000000716b00000,0x00000007214ffea8,0x000000073ea00000)
  from space 24064K, 98% used [0x0000000741700000,0x0000000742e28f58,0x0000000742e80000)
  to   space 28672K, 0% used [0x000000073f680000,0x000000073f680000,0x0000000741280000)
 ParOldGen       total 249344K, used 20585K [0x00000005c4000000, 0x00000005d3380000, 0x0000000716b00000)
  object space 249344K, 8% used [0x00000005c4000000,0x00000005c541a570,0x00000005d3380000)
 Metaspace       used 56977K, capacity 58910K, committed 59028K, reserved 1101824K
  class space    used 6459K, capacity 6833K, committed 6912K, reserved 1048576K
Event: 13.853 GC heap after
Heap after GC invocations=9 (full 2):
 PSYoungGen      total 695808K, used 24388K [0x0000000716b00000, 0x0000000757900000, 0x00000007c0000000)
  eden space 667136K, 0% used [0x0000000716b00000,0x0000000716b00000,0x000000073f680000)
  from space 28672K, 85% used [0x000000073f680000,0x0000000740e51260,0x0000000741280000)
  to   space 30720K, 0% used [0x0000000755b00000,0x0000000755b00000,0x0000000757900000)
 ParOldGen       total 249344K, used 20593K [0x00000005c4000000, 0x00000005d3380000, 0x0000000716b00000)
  object space 249344K, 8% used [0x00000005c4000000,0x00000005c541c570,0x00000005d3380000)
 Metaspace       used 56977K, capacity 58910K, committed 59028K, reserved 1101824K
  class space    used 6459K, capacity 6833K, committed 6912K, reserved 1048576K
}
Event: 13.853 GC heap before
{Heap before GC invocations=10 (full 3):
 PSYoungGen      total 695808K, used 24388K [0x0000000716b00000, 0x0000000757900000, 0x00000007c0000000)
  eden space 667136K, 0% used [0x0000000716b00000,0x0000000716b00000,0x000000073f680000)
  from space 28672K, 85% used [0x000000073f680000,0x0000000740e51260,0x0000000741280000)
  to   space 30720K, 0% used [0x0000000755b00000,0x0000000755b00000,0x0000000757900000)
 ParOldGen       total 249344K, used 20593K [0x00000005c4000000, 0x00000005d3380000, 0x0000000716b00000)
  object space 249344K, 8% used [0x00000005c4000000,0x00000005c541c570,0x00000005d3380000)
 Metaspace       used 56977K, capacity 58910K, committed 59028K, reserved 1101824K
  class space    used 6459K, capacity 6833K, committed 6912K, reserved 1048576K
Event: 14.103 GC heap after
Heap after GC invocations=10 (full 3):
 PSYoungGen      total 695808K, used 0K [0x0000000716b00000, 0x0000000757900000, 0x00000007c0000000)
  eden space 667136K, 0% used [0x0000000716b00000,0x0000000716b00000,0x000000073f680000)
  from space 28672K, 0% used [0x000000073f680000,0x000000073f680000,0x0000000741280000)
  to   space 30720K, 0% used [0x0000000755b00000,0x0000000755b00000,0x0000000757900000)
 ParOldGen       total 351744K, used 42291K [0x00000005c4000000, 0x00000005d9780000, 0x0000000716b00000)
  object space 351744K, 12% used [0x00000005c4000000,0x00000005c694cdf8,0x00000005d9780000)
 Metaspace       used 56577K, capacity 58274K, committed 59028K, reserved 1101824K
  class space    used 6400K, capacity 6727K, committed 6912K, reserved 1048576K
}
Event: 37.428 GC heap before
{Heap before GC invocations=11 (full 3):
 PSYoungGen      total 695808K, used 667136K [0x0000000716b00000, 0x0000000757900000, 0x00000007c0000000)
  eden space 667136K, 100% used [0x0000000716b00000,0x000000073f680000,0x000000073f680000)
  from space 28672K, 0% used [0x000000073f680000,0x000000073f680000,0x0000000741280000)
  to   space 30720K, 0% used [0x0000000755b00000,0x0000000755b00000,0x0000000757900000)
 ParOldGen       total 351744K, used 42291K [0x00000005c4000000, 0x00000005d9780000, 0x0000000716b00000)
  object space 351744K, 12% used [0x00000005c4000000,0x00000005c694cdf8,0x00000005d9780000)
 Metaspace       used 76866K, capacity 79846K, committed 80128K, reserved 1120256K
  class space    used 8378K, capacity 8869K, committed 8960K, reserved 1048576K
Event: 37.449 GC heap after
Heap after GC invocations=11 (full 3):
 PSYoungGen      total 936448K, used 28846K [0x0000000716b00000, 0x0000000757780000, 0x00000007c0000000)
  eden space 907264K, 0% used [0x0000000716b00000,0x0000000716b00000,0x000000074e100000)
  from space 29184K, 98% used [0x0000000755b00000,0x000000075772ba50,0x0000000757780000)
  to   space 34304K, 0% used [0x0000000753480000,0x0000000753480000,0x0000000755600000)
 ParOldGen       total 351744K, used 42318K [0x00000005c4000000, 0x00000005d9780000, 0x0000000716b00000)
  object space 351744K, 12% used [0x00000005c4000000,0x00000005c6953a48,0x00000005d9780000)
 Metaspace       used 76866K, capacity 79846K, committed 80128K, reserved 1120256K
  class space    used 8378K, capacity 8869K, committed 8960K, reserved 1048576K
}

