# JRE version: OpenJDK Runtime Environment Temurin-17.0.4+8 (17.0.4+8) (build 17.0.4+8)
# Java VM: OpenJDK 64-Bit Server VM Temurin-17.0.4+8 (17.0.4+8, mixed mode, emulated-client, tiered, compressed oops, compressed class ptrs, g1 gc, windows-amd64)
GC Precious Log:
 CPUs: 20 total, 20 available
 Memory: 32541M
 Large Page Support: Disabled
 NUMA Support: Disabled
 Compressed Oops: Enabled (Zero based)
 Heap Region Size: 4M
 Heap Min Capacity: 8M
 Heap Initial Capacity: 512M
 Heap Max Capacity: 8136M
 Pre-touch: Disabled
 Parallel Workers: 15
 Concurrent Workers: 4
 Concurrent Refinement Workers: 15
 Periodic GC: Disabled
Heap:
 garbage-first heap   total 204800K, used 72661K [0x0000000603800000, 0x0000000800000000)
  region size 4096K, 7 young (28672K), 2 survivors (8192K)
 Metaspace       used 77651K, committed 78336K, reserved 1122304K
  class space    used 9164K, committed 9536K, reserved 1048576K
GC Heap History (20 events):
Event: 1.927 GC heap before
{Heap before GC invocations=12 (full 0):
 garbage-first heap   total 102400K, used 70594K [0x0000000603800000, 0x0000000800000000)
  region size 4096K, 11 young (45056K), 1 survivors (4096K)
 Metaspace       used 47487K, committed 47936K, reserved 1097728K
  class space    used 5997K, committed 6208K, reserved 1048576K
}
Event: 1.928 GC heap after
{Heap after GC invocations=13 (full 0):
 garbage-first heap   total 102400K, used 30079K [0x0000000603800000, 0x0000000800000000)
  region size 4096K, 1 young (4096K), 1 survivors (4096K)
 Metaspace       used 47487K, committed 47936K, reserved 1097728K
  class space    used 5997K, committed 6208K, reserved 1048576K
}
Event: 1.961 GC heap before
{Heap before GC invocations=13 (full 0):
 garbage-first heap   total 102400K, used 75135K [0x0000000603800000, 0x0000000800000000)
  region size 4096K, 12 young (49152K), 1 survivors (4096K)
 Metaspace       used 47548K, committed 47936K, reserved 1097728K
  class space    used 6006K, committed 6208K, reserved 1048576K
}
Event: 1.963 GC heap after
{Heap after GC invocations=14 (full 0):
 garbage-first heap   total 315392K, used 30349K [0x0000000603800000, 0x0000000800000000)
  region size 4096K, 1 young (4096K), 1 survivors (4096K)
 Metaspace       used 47548K, committed 47936K, reserved 1097728K
  class space    used 6006K, committed 6208K, reserved 1048576K
}
Event: 2.097 GC heap before
{Heap before GC invocations=14 (full 0):
 garbage-first heap   total 315392K, used 214669K [0x0000000603800000, 0x0000000800000000)
  region size 4096K, 46 young (188416K), 1 survivors (4096K)
 Metaspace       used 48207K, committed 48640K, reserved 1097728K
  class space    used 6066K, committed 6272K, reserved 1048576K
}
Event: 2.100 GC heap after
{Heap after GC invocations=15 (full 0):
 garbage-first heap   total 315392K, used 32120K [0x0000000603800000, 0x0000000800000000)
  region size 4096K, 2 young (8192K), 2 survivors (8192K)
 Metaspace       used 48207K, committed 48640K, reserved 1097728K
  class space    used 6066K, committed 6272K, reserved 1048576K
}
Event: 2.191 GC heap before
{Heap before GC invocations=15 (full 0):
 garbage-first heap   total 315392K, used 212344K [0x0000000603800000, 0x0000000800000000)
  region size 4096K, 46 young (188416K), 2 survivors (8192K)
 Metaspace       used 48842K, committed 49280K, reserved 1097728K
  class space    used 6123K, committed 6336K, reserved 1048576K
}
Event: 2.193 GC heap after
{Heap after GC invocations=16 (full 0):
 garbage-first heap   total 315392K, used 33589K [0x0000000603800000, 0x0000000800000000)
  region size 4096K, 2 young (8192K), 2 survivors (8192K)
 Metaspace       used 48842K, committed 49280K, reserved 1097728K
  class space    used 6123K, committed 6336K, reserved 1048576K
}
Event: 2.903 GC heap before
{Heap before GC invocations=16 (full 0):
 garbage-first heap   total 315392K, used 193333K [0x0000000603800000, 0x0000000800000000)
  region size 4096K, 43 young (176128K), 2 survivors (8192K)
 Metaspace       used 59873K, committed 60288K, reserved 1105920K
  class space    used 7086K, committed 7296K, reserved 1048576K
}
Event: 2.908 GC heap after
{Heap after GC invocations=17 (full 0):
 garbage-first heap   total 315392K, used 40058K [0x0000000603800000, 0x0000000800000000)
  region size 4096K, 4 young (16384K), 4 survivors (16384K)
 Metaspace       used 59873K, committed 60288K, reserved 1105920K
  class space    used 7086K, committed 7296K, reserved 1048576K
}
Event: 3.253 GC heap before
{Heap before GC invocations=18 (full 0):
 garbage-first heap   total 163840K, used 121978K [0x0000000603800000, 0x0000000800000000)
  region size 4096K, 24 young (98304K), 4 survivors (16384K)
 Metaspace       used 64040K, committed 64512K, reserved 1105920K
  class space    used 7722K, committed 7936K, reserved 1048576K
}
Event: 3.258 GC heap after
{Heap after GC invocations=19 (full 0):
 garbage-first heap   total 163840K, used 44993K [0x0000000603800000, 0x0000000800000000)
  region size 4096K, 2 young (8192K), 2 survivors (8192K)
 Metaspace       used 64040K, committed 64512K, reserved 1105920K
  class space    used 7722K, committed 7936K, reserved 1048576K
}
Event: 3.377 GC heap before
{Heap before GC invocations=19 (full 0):
 garbage-first heap   total 163840K, used 49089K [0x0000000603800000, 0x0000000800000000)
  region size 4096K, 3 young (12288K), 2 survivors (8192K)
 Metaspace       used 64142K, committed 64640K, reserved 1105920K
  class space    used 7738K, committed 8000K, reserved 1048576K
}
Event: 3.380 GC heap after
{Heap after GC invocations=20 (full 0):
 garbage-first heap   total 204800K, used 45732K [0x0000000603800000, 0x0000000800000000)
  region size 4096K, 1 young (4096K), 1 survivors (4096K)
 Metaspace       used 64142K, committed 64640K, reserved 1105920K
  class space    used 7738K, committed 8000K, reserved 1048576K
}
Event: 13.449 GC heap before
{Heap before GC invocations=20 (full 0):
 garbage-first heap   total 204800K, used 156324K [0x0000000603800000, 0x0000000800000000)
  region size 4096K, 29 young (118784K), 1 survivors (4096K)
 Metaspace       used 73720K, committed 74304K, reserved 1114112K
  class space    used 8706K, committed 9024K, reserved 1048576K
}
Event: 13.453 GC heap after
{Heap after GC invocations=21 (full 0):
 garbage-first heap   total 204800K, used 53701K [0x0000000603800000, 0x0000000800000000)
  region size 4096K, 3 young (12288K), 3 survivors (12288K)
 Metaspace       used 73720K, committed 74304K, reserved 1114112K
  class space    used 8706K, committed 9024K, reserved 1048576K
}
Event: 13.983 GC heap before
{Heap before GC invocations=21 (full 0):
 garbage-first heap   total 204800K, used 156101K [0x0000000603800000, 0x0000000800000000)
  region size 4096K, 29 young (118784K), 3 survivors (12288K)
 Metaspace       used 75372K, committed 76032K, reserved 1122304K
  class space    used 8888K, committed 9216K, reserved 1048576K
}
Event: 13.985 GC heap after
{Heap after GC invocations=22 (full 0):
 garbage-first heap   total 204800K, used 53185K [0x0000000603800000, 0x0000000800000000)
  region size 4096K, 1 young (4096K), 1 survivors (4096K)
 Metaspace       used 75372K, committed 76032K, reserved 1122304K
  class space    used 8888K, committed 9216K, reserved 1048576K
}
Event: 17.664 GC heap before
{Heap before GC invocations=22 (full 0):
 garbage-first heap   total 204800K, used 159681K [0x0000000603800000, 0x0000000800000000)
  region size 4096K, 28 young (114688K), 1 survivors (4096K)
 Metaspace       used 76985K, committed 77696K, reserved 1122304K
  class space    used 9072K, committed 9408K, reserved 1048576K
}
Event: 17.667 GC heap after
{Heap after GC invocations=23 (full 0):
 garbage-first heap   total 204800K, used 56277K [0x0000000603800000, 0x0000000800000000)
  region size 4096K, 2 young (8192K), 2 survivors (8192K)
 Metaspace       used 76985K, committed 77696K, reserved 1122304K
  class space    used 9072K, committed 9408K, reserved 1048576K
}

